<?xml version="1.0" encoding="UTF-8"?>
<testsuite name="ReadabilityTest" tests="1" skipped="0" failures="0" errors="0" timestamp="2024-08-05T19:33:13" hostname="James-MacBookPro-New.local" time="0.054">
  <properties/>
  <testcase name="start" classname="ReadabilityTest" time="0.054"/>
  <system-out><![CDATA[?[1;31m
Start test 1?[0m
13
Words: 108
Sentences: 6
Characters: 580
The score is: 12.87
This text should be understood by 17-18 year-olds.
?[1;31m
Start test 2?[0m
6
Words: 100
Sentences: 10
Characters: 476
The score is: 5.99
This text should be understood by 10-11 year-olds.
?[1;31m
Start test 3?[0m
12
Words: 180
Sentences: 13
Characters: 982
The score is: 11.19
This text should be understood by 16-17 year-olds.
]]></system-out>
  <system-err><![CDATA[]]></system-err>
</testsuite>
